<?xml version="1.0" encoding="UTF-8"?>
<!-- Generated by org.testng.reporters.JUnitXMLReporter -->
<testsuite ignored="0" hostname="LAPTOP-6VJCL8A4" failures="0" tests="6" name="Test" time="0.082" errors="0" timestamp="2021-09-26T13:13:14 IST">
  <testcase classname="qaclickacademy.Mavenjava.AppiumTest" name="IOSApps" time="0.009"/>
  <testcase classname="qaclickacademy.Mavenjava.AppiumTest" name="NativeAppAndriod" time="0.0"/>
  <testcase classname="qaclickacademy.Mavenjava.APITest" name="DeleteTwitter" time="0.0"/>
  <testcase classname="qaclickacademy.Mavenjava.APITest" name="PostJira" time="0.0"/>
  <testcase classname="qaclickacademy.Mavenjava.SeleniumTest" name="BrowserAutomation" time="0.0"/>
  <testcase classname="qaclickacademy.Mavenjava.SeleniumTest" name="ElementsUI" time="0.001"/>
</testsuite> <!-- Test -->
