<?xml version="1.0" encoding="UTF-8"?>
<testng-results ignored="0" total="6" passed="6" failed="0" skipped="0">
  <reporter-output>
  </reporter-output>
  <suite started-at="2021-09-26T13:13:14 IST" name="Suite" finished-at="2021-09-26T13:13:14 IST" duration-ms="82">
    <groups>
    </groups>
    <test started-at="2021-09-26T13:13:14 IST" name="Test" finished-at="2021-09-26T13:13:14 IST" duration-ms="82">
      <class name="qaclickacademy.Mavenjava.AppiumTest">
        <test-method signature="IOSApps()[pri:0, instance:qaclickacademy.Mavenjava.AppiumTest@657c8ad9]" started-at="2021-09-26T13:13:14 IST" name="IOSApps" finished-at="2021-09-26T13:13:14 IST" duration-ms="9" status="PASS">
          <reporter-output>
          </reporter-output>
        </test-method> <!-- IOSApps -->
        <test-method signature="NativeAppAndriod()[pri:0, instance:qaclickacademy.Mavenjava.AppiumTest@657c8ad9]" started-at="2021-09-26T13:13:14 IST" name="NativeAppAndriod" finished-at="2021-09-26T13:13:14 IST" duration-ms="0" status="PASS">
          <reporter-output>
          </reporter-output>
        </test-method> <!-- NativeAppAndriod -->
      </class> <!-- qaclickacademy.Mavenjava.AppiumTest -->
      <class name="qaclickacademy.Mavenjava.APITest">
        <test-method signature="DeleteTwitter()[pri:0, instance:qaclickacademy.Mavenjava.APITest@436a4e4b]" started-at="2021-09-26T13:13:14 IST" name="DeleteTwitter" finished-at="2021-09-26T13:13:14 IST" duration-ms="0" status="PASS">
          <reporter-output>
          </reporter-output>
        </test-method> <!-- DeleteTwitter -->
        <test-method signature="PostJira()[pri:0, instance:qaclickacademy.Mavenjava.APITest@436a4e4b]" started-at="2021-09-26T13:13:14 IST" name="PostJira" finished-at="2021-09-26T13:13:14 IST" duration-ms="0" status="PASS">
          <reporter-output>
          </reporter-output>
        </test-method> <!-- PostJira -->
      </class> <!-- qaclickacademy.Mavenjava.APITest -->
      <class name="qaclickacademy.Mavenjava.SeleniumTest">
        <test-method signature="BrowserAutomation()[pri:0, instance:qaclickacademy.Mavenjava.SeleniumTest@f2f2cc1]" started-at="2021-09-26T13:13:14 IST" name="BrowserAutomation" finished-at="2021-09-26T13:13:14 IST" duration-ms="0" status="PASS">
          <reporter-output>
          </reporter-output>
        </test-method> <!-- BrowserAutomation -->
        <test-method signature="ElementsUI()[pri:0, instance:qaclickacademy.Mavenjava.SeleniumTest@f2f2cc1]" started-at="2021-09-26T13:13:14 IST" name="ElementsUI" finished-at="2021-09-26T13:13:14 IST" duration-ms="1" status="PASS">
          <reporter-output>
          </reporter-output>
        </test-method> <!-- ElementsUI -->
      </class> <!-- qaclickacademy.Mavenjava.SeleniumTest -->
    </test> <!-- Test -->
  </suite> <!-- Suite -->
</testng-results>
