<?xml version="1.0" encoding="UTF-8"?>
<testng-results ignored="0" total="1" passed="1" failed="0" skipped="0">
  <reporter-output>
  </reporter-output>
  <suite started-at="2021-08-15T14:13:59 IST" name="Default suite" finished-at="2021-08-15T14:13:59 IST" duration-ms="186">
    <groups>
    </groups>
    <test started-at="2021-08-15T14:13:59 IST" name="Default test" finished-at="2021-08-15T14:13:59 IST" duration-ms="186">
      <class name="Test1">
        <test-method signature="streamAssignment()[pri:0, instance:Test1@484970b0]" started-at="2021-08-15T14:13:59 IST" name="streamAssignment" finished-at="2021-08-15T14:13:59 IST" duration-ms="37" status="PASS">
          <reporter-output>
          </reporter-output>
        </test-method> <!-- streamAssignment -->
      </class> <!-- Test1 -->
    </test> <!-- Default test -->
  </suite> <!-- Default suite -->
</testng-results>
